[2019-11-03 14:03:14,216] {taskinstance.py:620} INFO - Dependencies all met for <TaskInstance: capstone_dag.Stage_dependencies 2018-11-03T04:00:00+00:00 [queued]>
[2019-11-03 14:03:14,220] {taskinstance.py:620} INFO - Dependencies all met for <TaskInstance: capstone_dag.Stage_dependencies 2018-11-03T04:00:00+00:00 [queued]>
[2019-11-03 14:03:14,220] {taskinstance.py:838} INFO - 
--------------------------------------------------------------------------------
[2019-11-03 14:03:14,220] {taskinstance.py:839} INFO - Starting attempt 2 of 4
[2019-11-03 14:03:14,220] {taskinstance.py:840} INFO - 
--------------------------------------------------------------------------------
[2019-11-03 14:03:14,226] {taskinstance.py:859} INFO - Executing <Task(StageToRedshiftOperator): Stage_dependencies> on 2018-11-03T04:00:00+00:00
[2019-11-03 14:03:14,226] {base_task_runner.py:133} INFO - Running: ['airflow', 'run', 'capstone_dag', 'Stage_dependencies', '2018-11-03T04:00:00+00:00', '--job_id', '76', '--pool', 'default_pool', '--raw', '-sd', 'DAGS_FOLDER/capstone_dag.py', '--cfg_path', '/var/folders/8q/nyxhvd6d55nfqjdbrybk6jpw0000gn/T/tmpq9wpu33w']
[2019-11-03 14:03:15,050] {base_task_runner.py:115} INFO - Job 76: Subtask Stage_dependencies /Users/likejun/anaconda3/lib/python3.7/site-packages/psycopg2/__init__.py:144: UserWarning: The psycopg2 wheel package will be renamed from release 2.8; in order to keep installing from binary please use "pip install psycopg2-binary" instead. For details see: <http://initd.org/psycopg/docs/install.html#binary-install-from-pypi>.
[2019-11-03 14:03:15,050] {base_task_runner.py:115} INFO - Job 76: Subtask Stage_dependencies   """)
[2019-11-03 14:03:15,131] {base_task_runner.py:115} INFO - Job 76: Subtask Stage_dependencies [2019-11-03 14:03:15,130] {__init__.py:51} INFO - Using executor SequentialExecutor
[2019-11-03 14:03:15,480] {base_task_runner.py:115} INFO - Job 76: Subtask Stage_dependencies [2019-11-03 14:03:15,480] {dagbag.py:90} INFO - Filling up the DagBag from /Users/likejun/airflow/dags/capstone_dag.py
[2019-11-03 14:03:15,494] {base_task_runner.py:115} INFO - Job 76: Subtask Stage_dependencies [2019-11-03 14:03:15,494] {cli.py:516} INFO - Running <TaskInstance: capstone_dag.Stage_dependencies 2018-11-03T04:00:00+00:00 [running]> on host likejundeMacBook-Pro.local
[2019-11-03 14:03:15,502] {staging_redshift.py:33} INFO - StageToRedshiftOperator for staging_dependencies on 2018-11-03T04:00:00+00:00
[2019-11-03 14:03:15,510] {staging_redshift.py:44} INFO - copy command 
        COPY staging_dependencies FROM 's3://dend-capstone-lkj/dependencies-1.0.0-2017-06-15.csv'
        ACCESS_KEY_ID 'AKIA2ZJJD7TPQUMASLMS'
        SECRET_ACCESS_KEY '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'
        REGION 'us-west-2'
        IGNOREHEADER 1 emptyasnull blanksasnull removequotes delimiter ',' ;
        
[2019-11-03 14:03:15,512] {logging_mixin.py:95} INFO - [[34m2019-11-03 14:03:15,512[0m] {[34mbase_hook.py:[0m84} INFO[0m - Using connection to: [1mid: redshift. Host: redshift-cluster.chjcdyihped1.us-west-2.redshift.amazonaws.com, Port: 5439, Schema: dev, Login: awsuser, Password: XXXXXXXX, extra: {}[0m[0m
[2019-11-03 14:03:17,592] {logging_mixin.py:95} INFO - [[34m2019-11-03 14:03:17,592[0m] {[34mdbapi_hook.py:[0m171} INFO[0m - 
        COPY staging_dependencies FROM 's3://dend-capstone-lkj/dependencies-1.0.0-2017-06-15.csv'
        ACCESS_KEY_ID 'AKIA2ZJJD7TPQUMASLMS'
        SECRET_ACCESS_KEY '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'
        REGION 'us-west-2'
        IGNOREHEADER 1 emptyasnull blanksasnull removequotes delimiter ',' ;
        [0m
[2019-11-03 14:03:19,135] {taskinstance.py:1051} ERROR - Load into table 'staging_dependencies' failed.  Check 'stl_load_errors' system table for details.
Traceback (most recent call last):
  File "/Users/likejun/anaconda3/lib/python3.7/site-packages/airflow/models/taskinstance.py", line 926, in _run_raw_task
    result = task_copy.execute(context=context)
  File "/Users/likejun/airflow/plugins/operators/staging_redshift.py", line 47, in execute
    pg_hook.run(copy_stmt)
  File "/Users/likejun/anaconda3/lib/python3.7/site-packages/airflow/hooks/dbapi_hook.py", line 172, in run
    cur.execute(s)
psycopg2.InternalError: Load into table 'staging_dependencies' failed.  Check 'stl_load_errors' system table for details.

[2019-11-03 14:03:19,137] {taskinstance.py:1074} INFO - Marking task as UP_FOR_RETRY
[2019-11-03 14:03:19,149] {base_task_runner.py:115} INFO - Job 76: Subtask Stage_dependencies Traceback (most recent call last):
[2019-11-03 14:03:19,149] {base_task_runner.py:115} INFO - Job 76: Subtask Stage_dependencies   File "/Users/likejun/anaconda3/bin/airflow", line 32, in <module>
[2019-11-03 14:03:19,149] {base_task_runner.py:115} INFO - Job 76: Subtask Stage_dependencies     args.func(args)
[2019-11-03 14:03:19,149] {base_task_runner.py:115} INFO - Job 76: Subtask Stage_dependencies   File "/Users/likejun/anaconda3/lib/python3.7/site-packages/airflow/utils/cli.py", line 74, in wrapper
[2019-11-03 14:03:19,149] {base_task_runner.py:115} INFO - Job 76: Subtask Stage_dependencies     return f(*args, **kwargs)
[2019-11-03 14:03:19,149] {base_task_runner.py:115} INFO - Job 76: Subtask Stage_dependencies   File "/Users/likejun/anaconda3/lib/python3.7/site-packages/airflow/bin/cli.py", line 522, in run
[2019-11-03 14:03:19,149] {base_task_runner.py:115} INFO - Job 76: Subtask Stage_dependencies     _run(args, dag, ti)
[2019-11-03 14:03:19,149] {base_task_runner.py:115} INFO - Job 76: Subtask Stage_dependencies   File "/Users/likejun/anaconda3/lib/python3.7/site-packages/airflow/bin/cli.py", line 440, in _run
[2019-11-03 14:03:19,149] {base_task_runner.py:115} INFO - Job 76: Subtask Stage_dependencies     pool=args.pool,
[2019-11-03 14:03:19,149] {base_task_runner.py:115} INFO - Job 76: Subtask Stage_dependencies   File "/Users/likejun/anaconda3/lib/python3.7/site-packages/airflow/utils/db.py", line 74, in wrapper
[2019-11-03 14:03:19,149] {base_task_runner.py:115} INFO - Job 76: Subtask Stage_dependencies     return func(*args, **kwargs)
[2019-11-03 14:03:19,149] {base_task_runner.py:115} INFO - Job 76: Subtask Stage_dependencies   File "/Users/likejun/anaconda3/lib/python3.7/site-packages/airflow/models/taskinstance.py", line 926, in _run_raw_task
[2019-11-03 14:03:19,150] {base_task_runner.py:115} INFO - Job 76: Subtask Stage_dependencies     result = task_copy.execute(context=context)
[2019-11-03 14:03:19,150] {base_task_runner.py:115} INFO - Job 76: Subtask Stage_dependencies   File "/Users/likejun/airflow/plugins/operators/staging_redshift.py", line 47, in execute
[2019-11-03 14:03:19,150] {base_task_runner.py:115} INFO - Job 76: Subtask Stage_dependencies     pg_hook.run(copy_stmt)
[2019-11-03 14:03:19,150] {base_task_runner.py:115} INFO - Job 76: Subtask Stage_dependencies   File "/Users/likejun/anaconda3/lib/python3.7/site-packages/airflow/hooks/dbapi_hook.py", line 172, in run
[2019-11-03 14:03:19,150] {base_task_runner.py:115} INFO - Job 76: Subtask Stage_dependencies     cur.execute(s)
[2019-11-03 14:03:19,150] {base_task_runner.py:115} INFO - Job 76: Subtask Stage_dependencies psycopg2.InternalError: Load into table 'staging_dependencies' failed.  Check 'stl_load_errors' system table for details.
[2019-11-03 14:03:19,150] {base_task_runner.py:115} INFO - Job 76: Subtask Stage_dependencies 
[2019-11-03 14:03:19,216] {logging_mixin.py:95} INFO - [[34m2019-11-03 14:03:19,216[0m] {[34mlocal_task_job.py:[0m172} [33mWARNING[0m - [33mState of this instance has been externally set to [1mup_for_retry[0m. Taking the poison pill.[0m
[2019-11-03 14:03:19,223] {helpers.py:307} INFO - Sending Signals.SIGTERM to GPID 4199
[2019-11-03 14:03:19,239] {helpers.py:285} INFO - Process psutil.Process(pid=4199, status='terminated') (4199) terminated with exit code -15
[2019-11-03 14:03:19,240] {logging_mixin.py:95} INFO - [[34m2019-11-03 14:03:19,240[0m] {[34mlocal_task_job.py:[0m105} INFO[0m - Task exited with return code 0[0m
