[2019-11-03 22:45:25,811] {taskinstance.py:620} INFO - Dependencies all met for <TaskInstance: capstone_dag.Stage_projects 2018-11-03T06:00:00+00:00 [queued]>
[2019-11-03 22:45:25,855] {taskinstance.py:620} INFO - Dependencies all met for <TaskInstance: capstone_dag.Stage_projects 2018-11-03T06:00:00+00:00 [queued]>
[2019-11-03 22:45:25,856] {taskinstance.py:838} INFO - 
--------------------------------------------------------------------------------
[2019-11-03 22:45:25,857] {taskinstance.py:839} INFO - Starting attempt 4 of 4
[2019-11-03 22:45:25,857] {taskinstance.py:840} INFO - 
--------------------------------------------------------------------------------
[2019-11-03 22:45:25,893] {taskinstance.py:859} INFO - Executing <Task(StageToRedshiftOperator): Stage_projects> on 2018-11-03T06:00:00+00:00
[2019-11-03 22:45:25,894] {base_task_runner.py:133} INFO - Running: ['airflow', 'run', 'capstone_dag', 'Stage_projects', '2018-11-03T06:00:00+00:00', '--job_id', '101', '--pool', 'default_pool', '--raw', '-sd', 'DAGS_FOLDER/capstone_dag.py', '--cfg_path', '/var/folders/8q/nyxhvd6d55nfqjdbrybk6jpw0000gn/T/tmp7yj_59bj']
[2019-11-04 02:49:57,202] {base_task_runner.py:115} INFO - Job 101: Subtask Stage_projects /Users/likejun/anaconda3/lib/python3.7/site-packages/psycopg2/__init__.py:144: UserWarning: The psycopg2 wheel package will be renamed from release 2.8; in order to keep installing from binary please use "pip install psycopg2-binary" instead. For details see: <http://initd.org/psycopg/docs/install.html#binary-install-from-pypi>.
[2019-11-04 02:49:57,204] {base_task_runner.py:115} INFO - Job 101: Subtask Stage_projects   """)
[2019-11-04 02:49:57,443] {base_task_runner.py:115} INFO - Job 101: Subtask Stage_projects [2019-11-04 02:49:57,442] {__init__.py:51} INFO - Using executor SequentialExecutor
[2019-11-04 02:49:58,021] {base_task_runner.py:115} INFO - Job 101: Subtask Stage_projects [2019-11-04 02:49:58,021] {dagbag.py:90} INFO - Filling up the DagBag from /Users/likejun/airflow/dags/capstone_dag.py
[2019-11-04 02:50:03,043] {base_task_runner.py:115} INFO - Job 101: Subtask Stage_projects [2019-11-04 02:50:03,042] {cli.py:516} INFO - Running <TaskInstance: capstone_dag.Stage_projects 2018-11-03T06:00:00+00:00 [running]> on host likejundeMacBook-Pro.local
[2019-11-04 07:00:06,952] {staging_redshift.py:33} INFO - StageToRedshiftOperator for staging_projects on 2018-11-03T06:00:00+00:00
[2019-11-04 07:00:07,011] {staging_redshift.py:44} INFO - copy command 
        COPY staging_projects FROM 's3://dend-capstone-lkj/projects_with_repository_fields-1.0.0-2017-06-15.csv'
        ACCESS_KEY_ID 'AKIA2ZJJD7TPQUMASLMS'
        SECRET_ACCESS_KEY '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'
        REGION 'us-west-2'
        IGNOREHEADER 1 CSV;
        
[2019-11-04 07:00:07,016] {logging_mixin.py:95} INFO - [[34m2019-11-04 07:00:07,014[0m] {[34mbase_hook.py:[0m84} INFO[0m - Using connection to: [1mid: redshift. Host: redshift-cluster.chjcdyihped1.us-west-2.redshift.amazonaws.com, Port: 5439, Schema: dev, Login: awsuser, Password: XXXXXXXX, extra: {}[0m[0m
[2019-11-04 07:00:07,019] {taskinstance.py:1051} ERROR - could not translate host name "redshift-cluster.chjcdyihped1.us-west-2.redshift.amazonaws.com" to address: nodename nor servname provided, or not known
Traceback (most recent call last):
  File "/Users/likejun/anaconda3/lib/python3.7/site-packages/airflow/models/taskinstance.py", line 926, in _run_raw_task
    result = task_copy.execute(context=context)
  File "/Users/likejun/airflow/plugins/operators/staging_redshift.py", line 47, in execute
    pg_hook.run(copy_stmt)
  File "/Users/likejun/anaconda3/lib/python3.7/site-packages/airflow/hooks/dbapi_hook.py", line 159, in run
    with closing(self.get_conn()) as conn:
  File "/Users/likejun/anaconda3/lib/python3.7/site-packages/airflow/hooks/postgres_hook.py", line 75, in get_conn
    self.conn = psycopg2.connect(**conn_args)
  File "/Users/likejun/anaconda3/lib/python3.7/site-packages/psycopg2/__init__.py", line 130, in connect
    conn = _connect(dsn, connection_factory=connection_factory, **kwasync)
psycopg2.OperationalError: could not translate host name "redshift-cluster.chjcdyihped1.us-west-2.redshift.amazonaws.com" to address: nodename nor servname provided, or not known

[2019-11-04 07:00:07,025] {taskinstance.py:1080} INFO - All retries failed; marking task as FAILED
[2019-11-04 07:00:07,062] {base_task_runner.py:115} INFO - Job 101: Subtask Stage_projects Traceback (most recent call last):
[2019-11-04 07:00:07,063] {base_task_runner.py:115} INFO - Job 101: Subtask Stage_projects   File "/Users/likejun/anaconda3/bin/airflow", line 32, in <module>
[2019-11-04 07:00:07,064] {base_task_runner.py:115} INFO - Job 101: Subtask Stage_projects     args.func(args)
[2019-11-04 07:00:07,064] {base_task_runner.py:115} INFO - Job 101: Subtask Stage_projects   File "/Users/likejun/anaconda3/lib/python3.7/site-packages/airflow/utils/cli.py", line 74, in wrapper
[2019-11-04 07:00:07,064] {base_task_runner.py:115} INFO - Job 101: Subtask Stage_projects     return f(*args, **kwargs)
[2019-11-04 07:00:07,064] {base_task_runner.py:115} INFO - Job 101: Subtask Stage_projects   File "/Users/likejun/anaconda3/lib/python3.7/site-packages/airflow/bin/cli.py", line 522, in run
[2019-11-04 07:00:07,064] {base_task_runner.py:115} INFO - Job 101: Subtask Stage_projects     _run(args, dag, ti)
[2019-11-04 07:00:07,064] {base_task_runner.py:115} INFO - Job 101: Subtask Stage_projects   File "/Users/likejun/anaconda3/lib/python3.7/site-packages/airflow/bin/cli.py", line 440, in _run
[2019-11-04 07:00:07,064] {base_task_runner.py:115} INFO - Job 101: Subtask Stage_projects     pool=args.pool,
[2019-11-04 07:00:07,064] {base_task_runner.py:115} INFO - Job 101: Subtask Stage_projects   File "/Users/likejun/anaconda3/lib/python3.7/site-packages/airflow/utils/db.py", line 74, in wrapper
[2019-11-04 07:00:07,064] {base_task_runner.py:115} INFO - Job 101: Subtask Stage_projects     return func(*args, **kwargs)
[2019-11-04 07:00:07,064] {base_task_runner.py:115} INFO - Job 101: Subtask Stage_projects   File "/Users/likejun/anaconda3/lib/python3.7/site-packages/airflow/models/taskinstance.py", line 926, in _run_raw_task
[2019-11-04 07:00:07,064] {base_task_runner.py:115} INFO - Job 101: Subtask Stage_projects     result = task_copy.execute(context=context)
[2019-11-04 07:00:07,064] {base_task_runner.py:115} INFO - Job 101: Subtask Stage_projects   File "/Users/likejun/airflow/plugins/operators/staging_redshift.py", line 47, in execute
[2019-11-04 07:00:07,064] {base_task_runner.py:115} INFO - Job 101: Subtask Stage_projects     pg_hook.run(copy_stmt)
[2019-11-04 07:00:07,065] {base_task_runner.py:115} INFO - Job 101: Subtask Stage_projects   File "/Users/likejun/anaconda3/lib/python3.7/site-packages/airflow/hooks/dbapi_hook.py", line 159, in run
[2019-11-04 07:00:07,065] {base_task_runner.py:115} INFO - Job 101: Subtask Stage_projects     with closing(self.get_conn()) as conn:
[2019-11-04 07:00:07,065] {base_task_runner.py:115} INFO - Job 101: Subtask Stage_projects   File "/Users/likejun/anaconda3/lib/python3.7/site-packages/airflow/hooks/postgres_hook.py", line 75, in get_conn
[2019-11-04 07:00:07,065] {base_task_runner.py:115} INFO - Job 101: Subtask Stage_projects     self.conn = psycopg2.connect(**conn_args)
[2019-11-04 07:00:07,065] {base_task_runner.py:115} INFO - Job 101: Subtask Stage_projects   File "/Users/likejun/anaconda3/lib/python3.7/site-packages/psycopg2/__init__.py", line 130, in connect
[2019-11-04 07:00:07,065] {base_task_runner.py:115} INFO - Job 101: Subtask Stage_projects     conn = _connect(dsn, connection_factory=connection_factory, **kwasync)
[2019-11-04 07:00:07,065] {base_task_runner.py:115} INFO - Job 101: Subtask Stage_projects psycopg2.OperationalError: could not translate host name "redshift-cluster.chjcdyihped1.us-west-2.redshift.amazonaws.com" to address: nodename nor servname provided, or not known
[2019-11-04 07:00:07,065] {base_task_runner.py:115} INFO - Job 101: Subtask Stage_projects 
[2019-11-04 07:00:11,990] {logging_mixin.py:95} INFO - [[34m2019-11-04 07:00:11,943[0m] {[34mlocal_task_job.py:[0m105} INFO[0m - Task exited with return code 1[0m
