[2019-11-03 13:39:58,416] {taskinstance.py:620} INFO - Dependencies all met for <TaskInstance: capstone_dag.Stage_versions 2019-11-03T03:05:16.698898+00:00 [queued]>
[2019-11-03 13:39:58,420] {taskinstance.py:620} INFO - Dependencies all met for <TaskInstance: capstone_dag.Stage_versions 2019-11-03T03:05:16.698898+00:00 [queued]>
[2019-11-03 13:39:58,420] {taskinstance.py:838} INFO - 
--------------------------------------------------------------------------------
[2019-11-03 13:39:58,420] {taskinstance.py:839} INFO - Starting attempt 1 of 4
[2019-11-03 13:39:58,420] {taskinstance.py:840} INFO - 
--------------------------------------------------------------------------------
[2019-11-03 13:39:58,425] {taskinstance.py:859} INFO - Executing <Task(StageToRedshiftOperator): Stage_versions> on 2019-11-03T03:05:16.698898+00:00
[2019-11-03 13:39:58,425] {base_task_runner.py:133} INFO - Running: ['airflow', 'run', 'capstone_dag', 'Stage_versions', '2019-11-03T03:05:16.698898+00:00', '--job_id', '52', '--pool', 'default_pool', '--raw', '-sd', 'DAGS_FOLDER/capstone_dag.py', '--cfg_path', '/var/folders/8q/nyxhvd6d55nfqjdbrybk6jpw0000gn/T/tmp835tq801']
[2019-11-03 13:39:59,100] {base_task_runner.py:115} INFO - Job 52: Subtask Stage_versions /Users/likejun/anaconda3/lib/python3.7/site-packages/psycopg2/__init__.py:144: UserWarning: The psycopg2 wheel package will be renamed from release 2.8; in order to keep installing from binary please use "pip install psycopg2-binary" instead. For details see: <http://initd.org/psycopg/docs/install.html#binary-install-from-pypi>.
[2019-11-03 13:39:59,102] {base_task_runner.py:115} INFO - Job 52: Subtask Stage_versions   """)
[2019-11-03 13:39:59,183] {base_task_runner.py:115} INFO - Job 52: Subtask Stage_versions [2019-11-03 13:39:59,183] {__init__.py:51} INFO - Using executor SequentialExecutor
[2019-11-03 13:39:59,459] {base_task_runner.py:115} INFO - Job 52: Subtask Stage_versions [2019-11-03 13:39:59,459] {dagbag.py:90} INFO - Filling up the DagBag from /Users/likejun/airflow/dags/capstone_dag.py
[2019-11-03 13:39:59,473] {base_task_runner.py:115} INFO - Job 52: Subtask Stage_versions [2019-11-03 13:39:59,473] {cli.py:516} INFO - Running <TaskInstance: capstone_dag.Stage_versions 2019-11-03T03:05:16.698898+00:00 [running]> on host likejundeMacBook-Pro.local
[2019-11-03 13:39:59,479] {staging_redshift.py:33} INFO - StageToRedshiftOperator for staging_versions on 2019-11-03T03:05:16.698898+00:00
[2019-11-03 13:39:59,493] {staging_redshift.py:44} INFO - copy command 
        COPY staging_versions FROM 's3://dend-capstone-lkj/versions-1.0.0-2017-06-15.csv'
        ACCESS_KEY_ID 'AKIA2ZJJD7TPQUMASLMS'
        SECRET_ACCESS_KEY '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'
        REGION 'us-west-2'
        IGNOREHEADER 1 emptyasnull blanksasnull removequotes;
        
[2019-11-03 13:39:59,495] {logging_mixin.py:95} INFO - [[34m2019-11-03 13:39:59,495[0m] {[34mbase_hook.py:[0m84} INFO[0m - Using connection to: [1mid: redshift. Host: redshift-cluster.chjcdyihped1.us-west-2.redshift.amazonaws.com, Port: 5439, Schema: dev, Login: awsuser, Password: XXXXXXXX, extra: {}[0m[0m
[2019-11-03 13:40:01,655] {logging_mixin.py:95} INFO - [[34m2019-11-03 13:40:01,654[0m] {[34mdbapi_hook.py:[0m171} INFO[0m - 
        COPY staging_versions FROM 's3://dend-capstone-lkj/versions-1.0.0-2017-06-15.csv'
        ACCESS_KEY_ID 'AKIA2ZJJD7TPQUMASLMS'
        SECRET_ACCESS_KEY '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'
        REGION 'us-west-2'
        IGNOREHEADER 1 emptyasnull blanksasnull removequotes;
        [0m
[2019-11-03 13:40:03,955] {taskinstance.py:1051} ERROR - Load into table 'staging_versions' failed.  Check 'stl_load_errors' system table for details.
Traceback (most recent call last):
  File "/Users/likejun/anaconda3/lib/python3.7/site-packages/airflow/models/taskinstance.py", line 926, in _run_raw_task
    result = task_copy.execute(context=context)
  File "/Users/likejun/airflow/plugins/operators/staging_redshift.py", line 47, in execute
    pg_hook.run(copy_stmt)
  File "/Users/likejun/anaconda3/lib/python3.7/site-packages/airflow/hooks/dbapi_hook.py", line 172, in run
    cur.execute(s)
psycopg2.InternalError: Load into table 'staging_versions' failed.  Check 'stl_load_errors' system table for details.

[2019-11-03 13:40:03,957] {taskinstance.py:1074} INFO - Marking task as UP_FOR_RETRY
[2019-11-03 13:40:03,965] {base_task_runner.py:115} INFO - Job 52: Subtask Stage_versions Traceback (most recent call last):
[2019-11-03 13:40:03,965] {base_task_runner.py:115} INFO - Job 52: Subtask Stage_versions   File "/Users/likejun/anaconda3/bin/airflow", line 32, in <module>
[2019-11-03 13:40:03,965] {base_task_runner.py:115} INFO - Job 52: Subtask Stage_versions     args.func(args)
[2019-11-03 13:40:03,965] {base_task_runner.py:115} INFO - Job 52: Subtask Stage_versions   File "/Users/likejun/anaconda3/lib/python3.7/site-packages/airflow/utils/cli.py", line 74, in wrapper
[2019-11-03 13:40:03,965] {base_task_runner.py:115} INFO - Job 52: Subtask Stage_versions     return f(*args, **kwargs)
[2019-11-03 13:40:03,965] {base_task_runner.py:115} INFO - Job 52: Subtask Stage_versions   File "/Users/likejun/anaconda3/lib/python3.7/site-packages/airflow/bin/cli.py", line 522, in run
[2019-11-03 13:40:03,965] {base_task_runner.py:115} INFO - Job 52: Subtask Stage_versions     _run(args, dag, ti)
[2019-11-03 13:40:03,965] {base_task_runner.py:115} INFO - Job 52: Subtask Stage_versions   File "/Users/likejun/anaconda3/lib/python3.7/site-packages/airflow/bin/cli.py", line 440, in _run
[2019-11-03 13:40:03,965] {base_task_runner.py:115} INFO - Job 52: Subtask Stage_versions     pool=args.pool,
[2019-11-03 13:40:03,966] {base_task_runner.py:115} INFO - Job 52: Subtask Stage_versions   File "/Users/likejun/anaconda3/lib/python3.7/site-packages/airflow/utils/db.py", line 74, in wrapper
[2019-11-03 13:40:03,966] {base_task_runner.py:115} INFO - Job 52: Subtask Stage_versions     return func(*args, **kwargs)
[2019-11-03 13:40:03,966] {base_task_runner.py:115} INFO - Job 52: Subtask Stage_versions   File "/Users/likejun/anaconda3/lib/python3.7/site-packages/airflow/models/taskinstance.py", line 926, in _run_raw_task
[2019-11-03 13:40:03,966] {base_task_runner.py:115} INFO - Job 52: Subtask Stage_versions     result = task_copy.execute(context=context)
[2019-11-03 13:40:03,966] {base_task_runner.py:115} INFO - Job 52: Subtask Stage_versions   File "/Users/likejun/airflow/plugins/operators/staging_redshift.py", line 47, in execute
[2019-11-03 13:40:03,966] {base_task_runner.py:115} INFO - Job 52: Subtask Stage_versions     pg_hook.run(copy_stmt)
[2019-11-03 13:40:03,966] {base_task_runner.py:115} INFO - Job 52: Subtask Stage_versions   File "/Users/likejun/anaconda3/lib/python3.7/site-packages/airflow/hooks/dbapi_hook.py", line 172, in run
[2019-11-03 13:40:03,966] {base_task_runner.py:115} INFO - Job 52: Subtask Stage_versions     cur.execute(s)
[2019-11-03 13:40:03,966] {base_task_runner.py:115} INFO - Job 52: Subtask Stage_versions psycopg2.InternalError: Load into table 'staging_versions' failed.  Check 'stl_load_errors' system table for details.
[2019-11-03 13:40:03,966] {base_task_runner.py:115} INFO - Job 52: Subtask Stage_versions 
[2019-11-03 13:40:08,419] {logging_mixin.py:95} INFO - [[34m2019-11-03 13:40:08,419[0m] {[34mlocal_task_job.py:[0m105} INFO[0m - Task exited with return code 1[0m
